This is pdfTeX, Version 3.14159265-2.6-1.40.21 (TeX Live 2020/MacPorts 2020.54632_3) (preloaded format=pdflatex 2021.3.1)  4 MAR 2021 21:53
entering extended mode
 restricted \write18 enabled.
 %&-line parsing enabled.
**report.tex
(./report.tex
LaTeX2e <2020-02-02> patch level 5
L3 programming layer <2020-03-06>
(/opt/local/share/texmf-texlive/tex/latex/base/article.cls
Document Class: article 2019/12/20 v1.4l Standard LaTeX document class
(/opt/local/share/texmf-texlive/tex/latex/base/size12.clo
File: size12.clo 2019/12/20 v1.4l Standard LaTeX file (size option)
)
\c@part=\count167
\c@section=\count168
\c@subsection=\count169
\c@subsubsection=\count170
\c@paragraph=\count171
\c@subparagraph=\count172
\c@figure=\count173
\c@table=\count174
\abovecaptionskip=\skip47
\belowcaptionskip=\skip48
\bibindent=\dimen134
)
(/opt/local/share/texmf-texlive/tex/latex/graphics/graphicx.sty
Package: graphicx 2019/11/30 v1.2a Enhanced LaTeX Graphics (DPC,SPQR)

(/opt/local/share/texmf-texlive/tex/latex/graphics/keyval.sty
Package: keyval 2014/10/28 v1.15 key=value parser (DPC)
\KV@toks@=\toks15
)
(/opt/local/share/texmf-texlive/tex/latex/graphics/graphics.sty
Package: graphics 2019/11/30 v1.4a Standard LaTeX Graphics (DPC,SPQR)

(/opt/local/share/texmf-texlive/tex/latex/graphics/trig.sty
Package: trig 2016/01/03 v1.10 sin cos tan (DPC)
)
(/opt/local/share/texmf-texlive/tex/latex/graphics-cfg/graphics.cfg
File: graphics.cfg 2016/06/04 v1.11 sample graphics configuration
)
Package graphics Info: Driver file: pdftex.def on input line 105.

(/opt/local/share/texmf-texlive/tex/latex/graphics-def/pdftex.def
File: pdftex.def 2018/01/08 v1.0l Graphics/color driver for pdftex
))
\Gin@req@height=\dimen135
\Gin@req@width=\dimen136
)
(/opt/local/share/texmf-texlive/tex/latex/listings/listings.sty
\lst@mode=\count175
\lst@gtempboxa=\box45
\lst@token=\toks16
\lst@length=\count176
\lst@currlwidth=\dimen137
\lst@column=\count177
\lst@pos=\count178
\lst@lostspace=\dimen138
\lst@width=\dimen139
\lst@newlines=\count179
\lst@lineno=\count180
\lst@maxwidth=\dimen140

(/opt/local/share/texmf-texlive/tex/latex/listings/lstmisc.sty
File: lstmisc.sty 2020/03/24 1.8d (Carsten Heinz)
\c@lstnumber=\count181
\lst@skipnumbers=\count182
\lst@framebox=\box46
)
(/opt/local/share/texmf-texlive/tex/latex/listings/listings.cfg
File: listings.cfg 2020/03/24 1.8d listings configuration
))
Package: listings 2020/03/24 1.8d (Carsten Heinz)

(/opt/local/share/texmf-texlive/tex/latex/xcolor/xcolor.sty
Package: xcolor 2016/05/11 v2.12 LaTeX color extensions (UK)

(/opt/local/share/texmf-texlive/tex/latex/graphics-cfg/color.cfg
File: color.cfg 2016/01/02 v1.6 sample color configuration
)
Package xcolor Info: Driver file: pdftex.def on input line 225.
Package xcolor Info: Model `cmy' substituted by `cmy0' on input line 1348.
Package xcolor Info: Model `hsb' substituted by `rgb' on input line 1352.
Package xcolor Info: Model `RGB' extended on input line 1364.
Package xcolor Info: Model `HTML' substituted by `rgb' on input line 1366.
Package xcolor Info: Model `Hsb' substituted by `hsb' on input line 1367.
Package xcolor Info: Model `tHsb' substituted by `hsb' on input line 1368.
Package xcolor Info: Model `HSB' substituted by `hsb' on input line 1369.
Package xcolor Info: Model `Gray' substituted by `gray' on input line 1370.
Package xcolor Info: Model `wave' substituted by `hsb' on input line 1371.
)
(/opt/local/share/texmf-texlive/tex/latex/fancyvrb/fancyvrb.sty
Package: fancyvrb 2020/01/13 v3.5 verbatim text (tvz,hv)
\FV@CodeLineNo=\count183
\FV@InFile=\read2
\FV@TabBox=\box47
\c@FancyVerbLine=\count184
\FV@StepNumber=\count185
\FV@OutFile=\write3
)
(/opt/local/share/texmf-texlive/tex/latex/listings/lstlang1.sty
File: lstlang1.sty 2020/03/24 1.8d listings language file
)
(/opt/local/share/texmf-texlive/tex/latex/l3backend/l3backend-pdfmode.def
File: l3backend-pdfmode.def 2020-03-12 L3 backend support: PDF mode
\l__kernel_color_stack_int=\count186
\l__pdf_internal_box=\box48
)
(./report.aux)
\openout1 = `report.aux'.

LaTeX Font Info:    Checking defaults for OML/cmm/m/it on input line 47.
LaTeX Font Info:    ... okay on input line 47.
LaTeX Font Info:    Checking defaults for OMS/cmsy/m/n on input line 47.
LaTeX Font Info:    ... okay on input line 47.
LaTeX Font Info:    Checking defaults for OT1/cmr/m/n on input line 47.
LaTeX Font Info:    ... okay on input line 47.
LaTeX Font Info:    Checking defaults for T1/cmr/m/n on input line 47.
LaTeX Font Info:    ... okay on input line 47.
LaTeX Font Info:    Checking defaults for TS1/cmr/m/n on input line 47.
LaTeX Font Info:    ... okay on input line 47.
LaTeX Font Info:    Checking defaults for OMX/cmex/m/n on input line 47.
LaTeX Font Info:    ... okay on input line 47.
LaTeX Font Info:    Checking defaults for U/cmr/m/n on input line 47.
LaTeX Font Info:    ... okay on input line 47.

(/opt/local/share/texmf-texlive/tex/context/base/mkii/supp-pdf.mkii
[Loading MPS to PDF converter (version 2006.09.02).]
\scratchcounter=\count187
\scratchdimen=\dimen141
\scratchbox=\box49
\nofMPsegments=\count188
\nofMParguments=\count189
\everyMPshowfont=\toks17
\MPscratchCnt=\count190
\MPscratchDim=\dimen142
\MPnumerator=\count191
\makeMPintoPDFobject=\count192
\everyMPtoPDFconversion=\toks18
) (/opt/local/share/texmf-texlive/tex/latex/epstopdf-pkg/epstopdf-base.sty
Package: epstopdf-base 2020-01-24 v2.11 Base part for package epstopdf
Package epstopdf-base Info: Redefining graphics rule for `.eps' on input line 4
85.

(/opt/local/share/texmf-texlive/tex/latex/latexconfig/epstopdf-sys.cfg
File: epstopdf-sys.cfg 2010/07/13 v1.3 Configuration of (r)epstopdf for TeX Liv
e
))
\c@lstlisting=\count193
<Logo.jpg, id=1, 1020.6933pt x 352.1958pt>
File: Logo.jpg Graphic file (type jpg)
<use Logo.jpg>
Package pdftex.def Info: Logo.jpg  used on input line 50.
(pdftex.def)             Requested size: 390.0pt x 134.57204pt.
LaTeX Font Info:    External font `cmex10' loaded for size
(Font)              <14.4> on input line 56.
LaTeX Font Info:    External font `cmex10' loaded for size
(Font)              <7> on input line 56.

(./report.toc
LaTeX Font Info:    External font `cmex10' loaded for size
(Font)              <12> on input line 3.
LaTeX Font Info:    External font `cmex10' loaded for size
(Font)              <8> on input line 3.
LaTeX Font Info:    External font `cmex10' loaded for size
(Font)              <6> on input line 3.
)
\tf@toc=\write4
\openout4 = `report.toc'.

 [1

{/opt/local/var/db/texmf/fonts/map/pdftex/updmap/pdftex.map} <./Logo.jpg>]
<./Diagrams/problem1-flowchart.png, id=10, 352.31625pt x 601.24625pt>
File: ./Diagrams/problem1-flowchart.png Graphic file (type png)
<use ./Diagrams/problem1-flowchart.png>
Package pdftex.def Info: ./Diagrams/problem1-flowchart.png  used on input line 
67.
(pdftex.def)             Requested size: 390.0pt x 665.55637pt.


LaTeX Warning: Float too large for page by 100.38968pt on input line 71.


LaTeX Warning: `!h' float specifier changed to `!ht'.

<./Diagrams/problem1-flowchart2.png, id=12, 640.3925pt x 836.12375pt>
File: ./Diagrams/problem1-flowchart2.png Graphic file (type png)
<use ./Diagrams/problem1-flowchart2.png>
Package pdftex.def Info: ./Diagrams/problem1-flowchart2.png  used on input line
 76.
(pdftex.def)             Requested size: 390.0pt x 509.20546pt.

LaTeX Warning: `!h' float specifier changed to `!ht'.

LaTeX Font Info:    Font shape `OT1/cmtt/bx/n' in size <12> not available
(Font)              Font shape `OT1/cmtt/m/n' tried instead on input line 91.
[2] [3]
<./Images/error.png, id=21, 1031.855pt x 228.855pt>
File: ./Images/error.png Graphic file (type png)
<use ./Images/error.png>
Package pdftex.def Info: ./Images/error.png  used on input line 170.
(pdftex.def)             Requested size: 390.0pt x 86.49786pt.


LaTeX Warning: `!h' float specifier changed to `!ht'.

[4]
Underfull \hbox (badness 10000) in paragraph at lines 224--226

 []

[5]
<./Images/webSubmit.png, id=28, 1658.195pt x 917.4275pt>
File: ./Images/webSubmit.png Graphic file (type png)
<use ./Images/webSubmit.png>
Package pdftex.def Info: ./Images/webSubmit.png  used on input line 247.
(pdftex.def)             Requested size: 390.0pt x 215.76347pt.


LaTeX Warning: `!h' float specifier changed to `!ht'.

<./Images/webConfirm.png, id=29, 417.56pt x 743.77875pt>
File: ./Images/webConfirm.png Graphic file (type png)
<use ./Images/webConfirm.png>
Package pdftex.def Info: ./Images/webConfirm.png  used on input line 255.
(pdftex.def)             Requested size: 390.0pt x 694.72597pt.

LaTeX Warning: Float too large for page by 129.55928pt on input line 259.


LaTeX Warning: `!h' float specifier changed to `!ht'.

<./Images/obi.jpg, id=30, 803.0pt x 451.6875pt>
File: ./Images/obi.jpg Graphic file (type jpg)
<use ./Images/obi.jpg>
Package pdftex.def Info: ./Images/obi.jpg  used on input line 270.
(pdftex.def)             Requested size: 390.0pt x 219.37831pt.
[6]

LaTeX Warning: `!h' float specifier changed to `!ht'.

[7] [8 <./Diagrams/problem1-flowchart.png>] [9 <./Diagrams/problem1-flowchart2.
png>] [10 <./Images/error.png> <./Images/webSubmit.png>] [11 <./Images/webConfi
rm.png>] [12 <./Images/obi.jpg>] (./report.aux) ) 
Here is how much of TeX's memory you used:
 3998 strings out of 482556
 54695 string characters out of 5952076
 560241 words of memory out of 5000000
 19636 multiletter control sequences out of 15000+600000
 538022 words of font info for 43 fonts, out of 8000000 for 9000
 14 hyphenation exceptions out of 8191
 30i,7n,42p,999b,1677s stack positions out of 5000i,500n,10000p,200000b,80000s
</opt/local/share/texmf-texliv
e/fonts/type1/public/amsfonts/cm/cmbx12.pfb></opt/local/share/texmf-texlive/fon
ts/type1/public/amsfonts/cm/cmr12.pfb></opt/local/share/texmf-texlive/fonts/typ
e1/public/amsfonts/cm/cmr17.pfb></opt/local/share/texmf-texlive/fonts/type1/pub
lic/amsfonts/cm/cmti12.pfb></opt/local/share/texmf-texlive/fonts/type1/public/a
msfonts/cm/cmtt12.pfb>
Output written on report.pdf (12 pages, 832623 bytes).
PDF statistics:
 76 PDF objects out of 1000 (max. 8388607)
 44 compressed objects within 1 object stream
 0 named destinations out of 1000 (max. 500000)
 36 words of extra memory for PDF output out of 10000 (max. 10000000)

